[2025-09-18 12:06:10] production.ERROR: Database connection failed: SQLSTATE[HY000] [1045] Access denied for user 'forge'@'localhost' (using password: NO)  
[2025-09-18 12:06:10] production.WARNING: Firestore warmup failed: file_get_contents(/home/unibooker-rideon-code/htdocs/rideon-code.unibooker.app/storage/firebase/firebase_credentials.json): Failed to open stream: No such file or directory  
[2025-09-18 12:06:10] production.ERROR: No application encryption key has been specified. {"exception":"[object] (Illuminate\\Encryption\\MissingAppKeyException(code: 0): No application encryption key has been specified. at /home/unibooker-rideon-code/htdocs/rideon-code.unibooker.app/vendor/laravel/framework/src/Illuminate/Encryption/EncryptionServiceProvider.php:79)
[stacktrace]
#0 /home/unibooker-rideon-code/htdocs/rideon-code.unibooker.app/vendor/laravel/framework/src/Illuminate/Support/helpers.php(320): Illuminate\\Encryption\\EncryptionServiceProvider->Illuminate\\Encryption\\{closure}()
#1 /home/unibooker-rideon-code/htdocs/rideon-code.unibooker.app/vendor/laravel/framework/src/Illuminate/Encryption/EncryptionServiceProvider.php(77): tap()
#2 /home/unibooker-rideon-code/htdocs/rideon-code.unibooker.app/vendor/laravel/framework/src/Illuminate/Encryption/EncryptionServiceProvider.php(60): Illuminate\\Encryption\\EncryptionServiceProvider->key()
#3 /home/unibooker-rideon-code/htdocs/rideon-code.unibooker.app/vendor/laravel/framework/src/Illuminate/Encryption/EncryptionServiceProvider.php(32): Illuminate\\Encryption\\EncryptionServiceProvider->parseKey()
#4 /home/unibooker-rideon-code/htdocs/rideon-code.unibooker.app/vendor/laravel/framework/src/Illuminate/Container/Container.php(908): Illuminate\\Encryption\\EncryptionServiceProvider->Illuminate\\Encryption\\{closure}()
#5 /home/unibooker-rideon-code/htdocs/rideon-code.unibooker.app/vendor/laravel/framework/src/Illuminate/Container/Container.php(795): Illuminate\\Container\\Container->build()
#6 /home/unibooker-rideon-code/htdocs/rideon-code.unibooker.app/vendor/laravel/framework/src/Illuminate/Foundation/Application.php(986): Illuminate\\Container\\Container->resolve()
#7 /home/unibooker-rideon-code/htdocs/rideon-code.unibooker.app/vendor/laravel/framework/src/Illuminate/Container/Container.php(731): Illuminate\\Foundation\\Application->resolve()
#8 /home/unibooker-rideon-code/htdocs/rideon-code.unibooker.app/vendor/laravel/framework/src/Illuminate/Foundation/Application.php(971): Illuminate\\Container\\Container->make()
#9 /home/unibooker-rideon-code/htdocs/rideon-code.unibooker.app/vendor/laravel/framework/src/Illuminate/Container/Container.php(1066): Illuminate\\Foundation\\Application->make()
#10 /home/unibooker-rideon-code/htdocs/rideon-code.unibooker.app/vendor/laravel/framework/src/Illuminate/Container/Container.php(982): Illuminate\\Container\\Container->resolveClass()
#11 /home/unibooker-rideon-code/htdocs/rideon-code.unibooker.app/vendor/laravel/framework/src/Illuminate/Container/Container.php(943): Illuminate\\Container\\Container->resolveDependencies()
#12 /home/unibooker-rideon-code/htdocs/rideon-code.unibooker.app/vendor/laravel/framework/src/Illuminate/Container/Container.php(795): Illuminate\\Container\\Container->build()
#13 /home/unibooker-rideon-code/htdocs/rideon-code.unibooker.app/vendor/laravel/framework/src/Illuminate/Foundation/Application.php(986): Illuminate\\Container\\Container->resolve()
#14 /home/unibooker-rideon-code/htdocs/rideon-code.unibooker.app/vendor/laravel/framework/src/Illuminate/Container/Container.php(731): Illuminate\\Foundation\\Application->resolve()
#15 /home/unibooker-rideon-code/htdocs/rideon-code.unibooker.app/vendor/laravel/framework/src/Illuminate/Foundation/Application.php(971): Illuminate\\Container\\Container->make()
#16 /home/unibooker-rideon-code/htdocs/rideon-code.unibooker.app/vendor/laravel/framework/src/Illuminate/Pipeline/Pipeline.php(172): Illuminate\\Foundation\\Application->make()
#17 /home/unibooker-rideon-code/htdocs/rideon-code.unibooker.app/vendor/laravel/framework/src/Illuminate/Pipeline/Pipeline.php(119): Illuminate\\Pipeline\\Pipeline->Illuminate\\Pipeline\\{closure}()
#18 /home/unibooker-rideon-code/htdocs/rideon-code.unibooker.app/vendor/laravel/framework/src/Illuminate/Routing/Router.php(805): Illuminate\\Pipeline\\Pipeline->then()
#19 /home/unibooker-rideon-code/htdocs/rideon-code.unibooker.app/vendor/laravel/framework/src/Illuminate/Routing/Router.php(784): Illuminate\\Routing\\Router->runRouteWithinStack()
#20 /home/unibooker-rideon-code/htdocs/rideon-code.unibooker.app/vendor/laravel/framework/src/Illuminate/Routing/Router.php(748): Illuminate\\Routing\\Router->runRoute()
#21 /home/unibooker-rideon-code/htdocs/rideon-code.unibooker.app/vendor/laravel/framework/src/Illuminate/Routing/Router.php(737): Illuminate\\Routing\\Router->dispatchToRoute()
#22 /home/unibooker-rideon-code/htdocs/rideon-code.unibooker.app/vendor/laravel/framework/src/Illuminate/Foundation/Http/Kernel.php(200): Illuminate\\Routing\\Router->dispatch()
#23 /home/unibooker-rideon-code/htdocs/rideon-code.unibooker.app/vendor/laravel/framework/src/Illuminate/Pipeline/Pipeline.php(144): Illuminate\\Foundation\\Http\\Kernel->Illuminate\\Foundation\\Http\\{closure}()
#24 /home/unibooker-rideon-code/htdocs/rideon-code.unibooker.app/vendor/barryvdh/laravel-debugbar/src/Middleware/InjectDebugbar.php(59): Illuminate\\Pipeline\\Pipeline->Illuminate\\Pipeline\\{closure}()
#25 /home/unibooker-rideon-code/htdocs/rideon-code.unibooker.app/vendor/laravel/framework/src/Illuminate/Pipeline/Pipeline.php(183): Barryvdh\\Debugbar\\Middleware\\InjectDebugbar->handle()
#26 /home/unibooker-rideon-code/htdocs/rideon-code.unibooker.app/vendor/laravel/framework/src/Illuminate/Foundation/Http/Middleware/TransformsRequest.php(21): Illuminate\\Pipeline\\Pipeline->Illuminate\\Pipeline\\{closure}()
#27 /home/unibooker-rideon-code/htdocs/rideon-code.unibooker.app/vendor/laravel/framework/src/Illuminate/Foundation/Http/Middleware/ConvertEmptyStringsToNull.php(31): Illuminate\\Foundation\\Http\\Middleware\\TransformsRequest->handle()
#28 /home/unibooker-rideon-code/htdocs/rideon-code.unibooker.app/vendor/laravel/framework/src/Illuminate/Pipeline/Pipeline.php(183): Illuminate\\Foundation\\Http\\Middleware\\ConvertEmptyStringsToNull->handle()
#29 /home/unibooker-rideon-code/htdocs/rideon-code.unibooker.app/vendor/laravel/framework/src/Illuminate/Foundation/Http/Middleware/TransformsRequest.php(21): Illuminate\\Pipeline\\Pipeline->Illuminate\\Pipeline\\{closure}()
#30 /home/unibooker-rideon-code/htdocs/rideon-code.unibooker.app/vendor/laravel/framework/src/Illuminate/Foundation/Http/Middleware/TrimStrings.php(40): Illuminate\\Foundation\\Http\\Middleware\\TransformsRequest->handle()
#31 /home/unibooker-rideon-code/htdocs/rideon-code.unibooker.app/vendor/laravel/framework/src/Illuminate/Pipeline/Pipeline.php(183): Illuminate\\Foundation\\Http\\Middleware\\TrimStrings->handle()
#32 /home/unibooker-rideon-code/htdocs/rideon-code.unibooker.app/vendor/laravel/framework/src/Illuminate/Foundation/Http/Middleware/ValidatePostSize.php(27): Illuminate\\Pipeline\\Pipeline->Illuminate\\Pipeline\\{closure}()
#33 /home/unibooker-rideon-code/htdocs/rideon-code.unibooker.app/vendor/laravel/framework/src/Illuminate/Pipeline/Pipeline.php(183): Illuminate\\Foundation\\Http\\Middleware\\ValidatePostSize->handle()
#34 /home/unibooker-rideon-code/htdocs/rideon-code.unibooker.app/vendor/laravel/framework/src/Illuminate/Foundation/Http/Middleware/PreventRequestsDuringMaintenance.php(99): Illuminate\\Pipeline\\Pipeline->Illuminate\\Pipeline\\{closure}()
#35 /home/unibooker-rideon-code/htdocs/rideon-code.unibooker.app/vendor/laravel/framework/src/Illuminate/Pipeline/Pipeline.php(183): Illuminate\\Foundation\\Http\\Middleware\\PreventRequestsDuringMaintenance->handle()
#36 /home/unibooker-rideon-code/htdocs/rideon-code.unibooker.app/vendor/laravel/framework/src/Illuminate/Http/Middleware/HandleCors.php(49): Illuminate\\Pipeline\\Pipeline->Illuminate\\Pipeline\\{closure}()
#37 /home/unibooker-rideon-code/htdocs/rideon-code.unibooker.app/vendor/laravel/framework/src/Illuminate/Pipeline/Pipeline.php(183): Illuminate\\Http\\Middleware\\HandleCors->handle()
#38 /home/unibooker-rideon-code/htdocs/rideon-code.unibooker.app/vendor/laravel/framework/src/Illuminate/Http/Middleware/TrustProxies.php(39): Illuminate\\Pipeline\\Pipeline->Illuminate\\Pipeline\\{closure}()
#39 /home/unibooker-rideon-code/htdocs/rideon-code.unibooker.app/vendor/laravel/framework/src/Illuminate/Pipeline/Pipeline.php(183): Illuminate\\Http\\Middleware\\TrustProxies->handle()
#40 /home/unibooker-rideon-code/htdocs/rideon-code.unibooker.app/vendor/laravel/framework/src/Illuminate/Pipeline/Pipeline.php(119): Illuminate\\Pipeline\\Pipeline->Illuminate\\Pipeline\\{closure}()
#41 /home/unibooker-rideon-code/htdocs/rideon-code.unibooker.app/vendor/laravel/framework/src/Illuminate/Foundation/Http/Kernel.php(175): Illuminate\\Pipeline\\Pipeline->then()
#42 /home/unibooker-rideon-code/htdocs/rideon-code.unibooker.app/vendor/laravel/framework/src/Illuminate/Foundation/Http/Kernel.php(144): Illuminate\\Foundation\\Http\\Kernel->sendRequestThroughRouter()
#43 /home/unibooker-rideon-code/htdocs/rideon-code.unibooker.app/public/index.php(51): Illuminate\\Foundation\\Http\\Kernel->handle()
#44 {main}
"} 
[2025-09-18 12:06:10] production.ERROR: No application encryption key has been specified. {"exception":"[object] (Illuminate\\Encryption\\MissingAppKeyException(code: 0): No application encryption key has been specified. at /home/unibooker-rideon-code/htdocs/rideon-code.unibooker.app/vendor/laravel/framework/src/Illuminate/Encryption/EncryptionServiceProvider.php:79)
[stacktrace]
#0 /home/unibooker-rideon-code/htdocs/rideon-code.unibooker.app/vendor/laravel/framework/src/Illuminate/Support/helpers.php(320): Illuminate\\Encryption\\EncryptionServiceProvider->Illuminate\\Encryption\\{closure}()
#1 /home/unibooker-rideon-code/htdocs/rideon-code.unibooker.app/vendor/laravel/framework/src/Illuminate/Encryption/EncryptionServiceProvider.php(77): tap()
#2 /home/unibooker-rideon-code/htdocs/rideon-code.unibooker.app/vendor/laravel/framework/src/Illuminate/Encryption/EncryptionServiceProvider.php(60): Illuminate\\Encryption\\EncryptionServiceProvider->key()
#3 /home/unibooker-rideon-code/htdocs/rideon-code.unibooker.app/vendor/laravel/framework/src/Illuminate/Encryption/EncryptionServiceProvider.php(32): Illuminate\\Encryption\\EncryptionServiceProvider->parseKey()
#4 /home/unibooker-rideon-code/htdocs/rideon-code.unibooker.app/vendor/laravel/framework/src/Illuminate/Container/Container.php(908): Illuminate\\Encryption\\EncryptionServiceProvider->Illuminate\\Encryption\\{closure}()
#5 /home/unibooker-rideon-code/htdocs/rideon-code.unibooker.app/vendor/laravel/framework/src/Illuminate/Container/Container.php(795): Illuminate\\Container\\Container->build()
#6 /home/unibooker-rideon-code/htdocs/rideon-code.unibooker.app/vendor/laravel/framework/src/Illuminate/Foundation/Application.php(986): Illuminate\\Container\\Container->resolve()
#7 /home/unibooker-rideon-code/htdocs/rideon-code.unibooker.app/vendor/laravel/framework/src/Illuminate/Container/Container.php(731): Illuminate\\Foundation\\Application->resolve()
#8 /home/unibooker-rideon-code/htdocs/rideon-code.unibooker.app/vendor/laravel/framework/src/Illuminate/Foundation/Application.php(971): Illuminate\\Container\\Container->make()
#9 /home/unibooker-rideon-code/htdocs/rideon-code.unibooker.app/vendor/laravel/framework/src/Illuminate/Container/Container.php(1066): Illuminate\\Foundation\\Application->make()
#10 /home/unibooker-rideon-code/htdocs/rideon-code.unibooker.app/vendor/laravel/framework/src/Illuminate/Container/Container.php(982): Illuminate\\Container\\Container->resolveClass()
#11 /home/unibooker-rideon-code/htdocs/rideon-code.unibooker.app/vendor/laravel/framework/src/Illuminate/Container/Container.php(943): Illuminate\\Container\\Container->resolveDependencies()
#12 /home/unibooker-rideon-code/htdocs/rideon-code.unibooker.app/vendor/laravel/framework/src/Illuminate/Container/Container.php(795): Illuminate\\Container\\Container->build()
#13 /home/unibooker-rideon-code/htdocs/rideon-code.unibooker.app/vendor/laravel/framework/src/Illuminate/Foundation/Application.php(986): Illuminate\\Container\\Container->resolve()
#14 /home/unibooker-rideon-code/htdocs/rideon-code.unibooker.app/vendor/laravel/framework/src/Illuminate/Container/Container.php(731): Illuminate\\Foundation\\Application->resolve()
#15 /home/unibooker-rideon-code/htdocs/rideon-code.unibooker.app/vendor/laravel/framework/src/Illuminate/Foundation/Application.php(971): Illuminate\\Container\\Container->make()
#16 /home/unibooker-rideon-code/htdocs/rideon-code.unibooker.app/vendor/laravel/framework/src/Illuminate/Foundation/Http/Kernel.php(255): Illuminate\\Foundation\\Application->make()
#17 /home/unibooker-rideon-code/htdocs/rideon-code.unibooker.app/vendor/laravel/framework/src/Illuminate/Foundation/Http/Kernel.php(213): Illuminate\\Foundation\\Http\\Kernel->terminateMiddleware()
#18 /home/unibooker-rideon-code/htdocs/rideon-code.unibooker.app/public/index.php(55): Illuminate\\Foundation\\Http\\Kernel->terminate()
#19 {main}
"} 
[2025-09-18 12:08:05] production.ERROR: Database connection failed: SQLSTATE[HY000] [1045] Access denied for user 'forge'@'localhost' (using password: NO)  
[2025-09-18 12:08:05] production.WARNING: Firestore warmup failed: file_get_contents(/home/unibooker-rideon-code/htdocs/rideon-code.unibooker.app/storage/firebase/firebase_credentials.json): Failed to open stream: No such file or directory  
[2025-09-18 12:08:05] production.ERROR: No application encryption key has been specified. {"exception":"[object] (Illuminate\\Encryption\\MissingAppKeyException(code: 0): No application encryption key has been specified. at /home/unibooker-rideon-code/htdocs/rideon-code.unibooker.app/vendor/laravel/framework/src/Illuminate/Encryption/EncryptionServiceProvider.php:79)
[stacktrace]
#0 /home/unibooker-rideon-code/htdocs/rideon-code.unibooker.app/vendor/laravel/framework/src/Illuminate/Support/helpers.php(320): Illuminate\\Encryption\\EncryptionServiceProvider->Illuminate\\Encryption\\{closure}()
#1 /home/unibooker-rideon-code/htdocs/rideon-code.unibooker.app/vendor/laravel/framework/src/Illuminate/Encryption/EncryptionServiceProvider.php(77): tap()
#2 /home/unibooker-rideon-code/htdocs/rideon-code.unibooker.app/vendor/laravel/framework/src/Illuminate/Encryption/EncryptionServiceProvider.php(60): Illuminate\\Encryption\\EncryptionServiceProvider->key()
#3 /home/unibooker-rideon-code/htdocs/rideon-code.unibooker.app/vendor/laravel/framework/src/Illuminate/Encryption/EncryptionServiceProvider.php(32): Illuminate\\Encryption\\EncryptionServiceProvider->parseKey()
#4 /home/unibooker-rideon-code/htdocs/rideon-code.unibooker.app/vendor/laravel/framework/src/Illuminate/Container/Container.php(908): Illuminate\\Encryption\\EncryptionServiceProvider->Illuminate\\Encryption\\{closure}()
#5 /home/unibooker-rideon-code/htdocs/rideon-code.unibooker.app/vendor/laravel/framework/src/Illuminate/Container/Container.php(795): Illuminate\\Container\\Container->build()
#6 /home/unibooker-rideon-code/htdocs/rideon-code.unibooker.app/vendor/laravel/framework/src/Illuminate/Foundation/Application.php(986): Illuminate\\Container\\Container->resolve()
#7 /home/unibooker-rideon-code/htdocs/rideon-code.unibooker.app/vendor/laravel/framework/src/Illuminate/Container/Container.php(731): Illuminate\\Foundation\\Application->resolve()
#8 /home/unibooker-rideon-code/htdocs/rideon-code.unibooker.app/vendor/laravel/framework/src/Illuminate/Foundation/Application.php(971): Illuminate\\Container\\Container->make()
#9 /home/unibooker-rideon-code/htdocs/rideon-code.unibooker.app/vendor/laravel/framework/src/Illuminate/Container/Container.php(1066): Illuminate\\Foundation\\Application->make()
#10 /home/unibooker-rideon-code/htdocs/rideon-code.unibooker.app/vendor/laravel/framework/src/Illuminate/Container/Container.php(982): Illuminate\\Container\\Container->resolveClass()
#11 /home/unibooker-rideon-code/htdocs/rideon-code.unibooker.app/vendor/laravel/framework/src/Illuminate/Container/Container.php(943): Illuminate\\Container\\Container->resolveDependencies()
#12 /home/unibooker-rideon-code/htdocs/rideon-code.unibooker.app/vendor/laravel/framework/src/Illuminate/Container/Container.php(795): Illuminate\\Container\\Container->build()
#13 /home/unibooker-rideon-code/htdocs/rideon-code.unibooker.app/vendor/laravel/framework/src/Illuminate/Foundation/Application.php(986): Illuminate\\Container\\Container->resolve()
#14 /home/unibooker-rideon-code/htdocs/rideon-code.unibooker.app/vendor/laravel/framework/src/Illuminate/Container/Container.php(731): Illuminate\\Foundation\\Application->resolve()
#15 /home/unibooker-rideon-code/htdocs/rideon-code.unibooker.app/vendor/laravel/framework/src/Illuminate/Foundation/Application.php(971): Illuminate\\Container\\Container->make()
#16 /home/unibooker-rideon-code/htdocs/rideon-code.unibooker.app/vendor/laravel/framework/src/Illuminate/Pipeline/Pipeline.php(172): Illuminate\\Foundation\\Application->make()
#17 /home/unibooker-rideon-code/htdocs/rideon-code.unibooker.app/vendor/laravel/framework/src/Illuminate/Pipeline/Pipeline.php(119): Illuminate\\Pipeline\\Pipeline->Illuminate\\Pipeline\\{closure}()
#18 /home/unibooker-rideon-code/htdocs/rideon-code.unibooker.app/vendor/laravel/framework/src/Illuminate/Routing/Router.php(805): Illuminate\\Pipeline\\Pipeline->then()
#19 /home/unibooker-rideon-code/htdocs/rideon-code.unibooker.app/vendor/laravel/framework/src/Illuminate/Routing/Router.php(784): Illuminate\\Routing\\Router->runRouteWithinStack()
#20 /home/unibooker-rideon-code/htdocs/rideon-code.unibooker.app/vendor/laravel/framework/src/Illuminate/Routing/Router.php(748): Illuminate\\Routing\\Router->runRoute()
#21 /home/unibooker-rideon-code/htdocs/rideon-code.unibooker.app/vendor/laravel/framework/src/Illuminate/Routing/Router.php(737): Illuminate\\Routing\\Router->dispatchToRoute()
#22 /home/unibooker-rideon-code/htdocs/rideon-code.unibooker.app/vendor/laravel/framework/src/Illuminate/Foundation/Http/Kernel.php(200): Illuminate\\Routing\\Router->dispatch()
#23 /home/unibooker-rideon-code/htdocs/rideon-code.unibooker.app/vendor/laravel/framework/src/Illuminate/Pipeline/Pipeline.php(144): Illuminate\\Foundation\\Http\\Kernel->Illuminate\\Foundation\\Http\\{closure}()
#24 /home/unibooker-rideon-code/htdocs/rideon-code.unibooker.app/vendor/barryvdh/laravel-debugbar/src/Middleware/InjectDebugbar.php(59): Illuminate\\Pipeline\\Pipeline->Illuminate\\Pipeline\\{closure}()
#25 /home/unibooker-rideon-code/htdocs/rideon-code.unibooker.app/vendor/laravel/framework/src/Illuminate/Pipeline/Pipeline.php(183): Barryvdh\\Debugbar\\Middleware\\InjectDebugbar->handle()
#26 /home/unibooker-rideon-code/htdocs/rideon-code.unibooker.app/vendor/laravel/framework/src/Illuminate/Foundation/Http/Middleware/TransformsRequest.php(21): Illuminate\\Pipeline\\Pipeline->Illuminate\\Pipeline\\{closure}()
#27 /home/unibooker-rideon-code/htdocs/rideon-code.unibooker.app/vendor/laravel/framework/src/Illuminate/Foundation/Http/Middleware/ConvertEmptyStringsToNull.php(31): Illuminate\\Foundation\\Http\\Middleware\\TransformsRequest->handle()
#28 /home/unibooker-rideon-code/htdocs/rideon-code.unibooker.app/vendor/laravel/framework/src/Illuminate/Pipeline/Pipeline.php(183): Illuminate\\Foundation\\Http\\Middleware\\ConvertEmptyStringsToNull->handle()
#29 /home/unibooker-rideon-code/htdocs/rideon-code.unibooker.app/vendor/laravel/framework/src/Illuminate/Foundation/Http/Middleware/TransformsRequest.php(21): Illuminate\\Pipeline\\Pipeline->Illuminate\\Pipeline\\{closure}()
#30 /home/unibooker-rideon-code/htdocs/rideon-code.unibooker.app/vendor/laravel/framework/src/Illuminate/Foundation/Http/Middleware/TrimStrings.php(40): Illuminate\\Foundation\\Http\\Middleware\\TransformsRequest->handle()
#31 /home/unibooker-rideon-code/htdocs/rideon-code.unibooker.app/vendor/laravel/framework/src/Illuminate/Pipeline/Pipeline.php(183): Illuminate\\Foundation\\Http\\Middleware\\TrimStrings->handle()
#32 /home/unibooker-rideon-code/htdocs/rideon-code.unibooker.app/vendor/laravel/framework/src/Illuminate/Foundation/Http/Middleware/ValidatePostSize.php(27): Illuminate\\Pipeline\\Pipeline->Illuminate\\Pipeline\\{closure}()
#33 /home/unibooker-rideon-code/htdocs/rideon-code.unibooker.app/vendor/laravel/framework/src/Illuminate/Pipeline/Pipeline.php(183): Illuminate\\Foundation\\Http\\Middleware\\ValidatePostSize->handle()
#34 /home/unibooker-rideon-code/htdocs/rideon-code.unibooker.app/vendor/laravel/framework/src/Illuminate/Foundation/Http/Middleware/PreventRequestsDuringMaintenance.php(99): Illuminate\\Pipeline\\Pipeline->Illuminate\\Pipeline\\{closure}()
#35 /home/unibooker-rideon-code/htdocs/rideon-code.unibooker.app/vendor/laravel/framework/src/Illuminate/Pipeline/Pipeline.php(183): Illuminate\\Foundation\\Http\\Middleware\\PreventRequestsDuringMaintenance->handle()
#36 /home/unibooker-rideon-code/htdocs/rideon-code.unibooker.app/vendor/laravel/framework/src/Illuminate/Http/Middleware/HandleCors.php(49): Illuminate\\Pipeline\\Pipeline->Illuminate\\Pipeline\\{closure}()
#37 /home/unibooker-rideon-code/htdocs/rideon-code.unibooker.app/vendor/laravel/framework/src/Illuminate/Pipeline/Pipeline.php(183): Illuminate\\Http\\Middleware\\HandleCors->handle()
#38 /home/unibooker-rideon-code/htdocs/rideon-code.unibooker.app/vendor/laravel/framework/src/Illuminate/Http/Middleware/TrustProxies.php(39): Illuminate\\Pipeline\\Pipeline->Illuminate\\Pipeline\\{closure}()
#39 /home/unibooker-rideon-code/htdocs/rideon-code.unibooker.app/vendor/laravel/framework/src/Illuminate/Pipeline/Pipeline.php(183): Illuminate\\Http\\Middleware\\TrustProxies->handle()
#40 /home/unibooker-rideon-code/htdocs/rideon-code.unibooker.app/vendor/laravel/framework/src/Illuminate/Pipeline/Pipeline.php(119): Illuminate\\Pipeline\\Pipeline->Illuminate\\Pipeline\\{closure}()
#41 /home/unibooker-rideon-code/htdocs/rideon-code.unibooker.app/vendor/laravel/framework/src/Illuminate/Foundation/Http/Kernel.php(175): Illuminate\\Pipeline\\Pipeline->then()
#42 /home/unibooker-rideon-code/htdocs/rideon-code.unibooker.app/vendor/laravel/framework/src/Illuminate/Foundation/Http/Kernel.php(144): Illuminate\\Foundation\\Http\\Kernel->sendRequestThroughRouter()
#43 /home/unibooker-rideon-code/htdocs/rideon-code.unibooker.app/public/index.php(51): Illuminate\\Foundation\\Http\\Kernel->handle()
#44 {main}
"} 
[2025-09-18 12:08:05] production.ERROR: No application encryption key has been specified. {"exception":"[object] (Illuminate\\Encryption\\MissingAppKeyException(code: 0): No application encryption key has been specified. at /home/unibooker-rideon-code/htdocs/rideon-code.unibooker.app/vendor/laravel/framework/src/Illuminate/Encryption/EncryptionServiceProvider.php:79)
[stacktrace]
#0 /home/unibooker-rideon-code/htdocs/rideon-code.unibooker.app/vendor/laravel/framework/src/Illuminate/Support/helpers.php(320): Illuminate\\Encryption\\EncryptionServiceProvider->Illuminate\\Encryption\\{closure}()
#1 /home/unibooker-rideon-code/htdocs/rideon-code.unibooker.app/vendor/laravel/framework/src/Illuminate/Encryption/EncryptionServiceProvider.php(77): tap()
#2 /home/unibooker-rideon-code/htdocs/rideon-code.unibooker.app/vendor/laravel/framework/src/Illuminate/Encryption/EncryptionServiceProvider.php(60): Illuminate\\Encryption\\EncryptionServiceProvider->key()
#3 /home/unibooker-rideon-code/htdocs/rideon-code.unibooker.app/vendor/laravel/framework/src/Illuminate/Encryption/EncryptionServiceProvider.php(32): Illuminate\\Encryption\\EncryptionServiceProvider->parseKey()
#4 /home/unibooker-rideon-code/htdocs/rideon-code.unibooker.app/vendor/laravel/framework/src/Illuminate/Container/Container.php(908): Illuminate\\Encryption\\EncryptionServiceProvider->Illuminate\\Encryption\\{closure}()
#5 /home/unibooker-rideon-code/htdocs/rideon-code.unibooker.app/vendor/laravel/framework/src/Illuminate/Container/Container.php(795): Illuminate\\Container\\Container->build()
#6 /home/unibooker-rideon-code/htdocs/rideon-code.unibooker.app/vendor/laravel/framework/src/Illuminate/Foundation/Application.php(986): Illuminate\\Container\\Container->resolve()
#7 /home/unibooker-rideon-code/htdocs/rideon-code.unibooker.app/vendor/laravel/framework/src/Illuminate/Container/Container.php(731): Illuminate\\Foundation\\Application->resolve()
#8 /home/unibooker-rideon-code/htdocs/rideon-code.unibooker.app/vendor/laravel/framework/src/Illuminate/Foundation/Application.php(971): Illuminate\\Container\\Container->make()
#9 /home/unibooker-rideon-code/htdocs/rideon-code.unibooker.app/vendor/laravel/framework/src/Illuminate/Container/Container.php(1066): Illuminate\\Foundation\\Application->make()
#10 /home/unibooker-rideon-code/htdocs/rideon-code.unibooker.app/vendor/laravel/framework/src/Illuminate/Container/Container.php(982): Illuminate\\Container\\Container->resolveClass()
#11 /home/unibooker-rideon-code/htdocs/rideon-code.unibooker.app/vendor/laravel/framework/src/Illuminate/Container/Container.php(943): Illuminate\\Container\\Container->resolveDependencies()
#12 /home/unibooker-rideon-code/htdocs/rideon-code.unibooker.app/vendor/laravel/framework/src/Illuminate/Container/Container.php(795): Illuminate\\Container\\Container->build()
#13 /home/unibooker-rideon-code/htdocs/rideon-code.unibooker.app/vendor/laravel/framework/src/Illuminate/Foundation/Application.php(986): Illuminate\\Container\\Container->resolve()
#14 /home/unibooker-rideon-code/htdocs/rideon-code.unibooker.app/vendor/laravel/framework/src/Illuminate/Container/Container.php(731): Illuminate\\Foundation\\Application->resolve()
#15 /home/unibooker-rideon-code/htdocs/rideon-code.unibooker.app/vendor/laravel/framework/src/Illuminate/Foundation/Application.php(971): Illuminate\\Container\\Container->make()
#16 /home/unibooker-rideon-code/htdocs/rideon-code.unibooker.app/vendor/laravel/framework/src/Illuminate/Foundation/Http/Kernel.php(255): Illuminate\\Foundation\\Application->make()
#17 /home/unibooker-rideon-code/htdocs/rideon-code.unibooker.app/vendor/laravel/framework/src/Illuminate/Foundation/Http/Kernel.php(213): Illuminate\\Foundation\\Http\\Kernel->terminateMiddleware()
#18 /home/unibooker-rideon-code/htdocs/rideon-code.unibooker.app/public/index.php(55): Illuminate\\Foundation\\Http\\Kernel->terminate()
#19 {main}
"} 
[2025-09-18 12:08:08] production.ERROR: Database connection failed: SQLSTATE[HY000] [1045] Access denied for user 'forge'@'localhost' (using password: NO)  
[2025-09-18 12:08:08] production.WARNING: Firestore warmup failed: file_get_contents(/home/unibooker-rideon-code/htdocs/rideon-code.unibooker.app/storage/firebase/firebase_credentials.json): Failed to open stream: No such file or directory  
[2025-09-18 12:08:08] production.ERROR: No application encryption key has been specified. {"exception":"[object] (Illuminate\\Encryption\\MissingAppKeyException(code: 0): No application encryption key has been specified. at /home/unibooker-rideon-code/htdocs/rideon-code.unibooker.app/vendor/laravel/framework/src/Illuminate/Encryption/EncryptionServiceProvider.php:79)
[stacktrace]
#0 /home/unibooker-rideon-code/htdocs/rideon-code.unibooker.app/vendor/laravel/framework/src/Illuminate/Support/helpers.php(320): Illuminate\\Encryption\\EncryptionServiceProvider->Illuminate\\Encryption\\{closure}()
#1 /home/unibooker-rideon-code/htdocs/rideon-code.unibooker.app/vendor/laravel/framework/src/Illuminate/Encryption/EncryptionServiceProvider.php(77): tap()
#2 /home/unibooker-rideon-code/htdocs/rideon-code.unibooker.app/vendor/laravel/framework/src/Illuminate/Encryption/EncryptionServiceProvider.php(60): Illuminate\\Encryption\\EncryptionServiceProvider->key()
#3 /home/unibooker-rideon-code/htdocs/rideon-code.unibooker.app/vendor/laravel/framework/src/Illuminate/Encryption/EncryptionServiceProvider.php(32): Illuminate\\Encryption\\EncryptionServiceProvider->parseKey()
#4 /home/unibooker-rideon-code/htdocs/rideon-code.unibooker.app/vendor/laravel/framework/src/Illuminate/Container/Container.php(908): Illuminate\\Encryption\\EncryptionServiceProvider->Illuminate\\Encryption\\{closure}()
#5 /home/unibooker-rideon-code/htdocs/rideon-code.unibooker.app/vendor/laravel/framework/src/Illuminate/Container/Container.php(795): Illuminate\\Container\\Container->build()
#6 /home/unibooker-rideon-code/htdocs/rideon-code.unibooker.app/vendor/laravel/framework/src/Illuminate/Foundation/Application.php(986): Illuminate\\Container\\Container->resolve()
#7 /home/unibooker-rideon-code/htdocs/rideon-code.unibooker.app/vendor/laravel/framework/src/Illuminate/Container/Container.php(731): Illuminate\\Foundation\\Application->resolve()
#8 /home/unibooker-rideon-code/htdocs/rideon-code.unibooker.app/vendor/laravel/framework/src/Illuminate/Foundation/Application.php(971): Illuminate\\Container\\Container->make()
#9 /home/unibooker-rideon-code/htdocs/rideon-code.unibooker.app/vendor/laravel/framework/src/Illuminate/Container/Container.php(1066): Illuminate\\Foundation\\Application->make()
#10 /home/unibooker-rideon-code/htdocs/rideon-code.unibooker.app/vendor/laravel/framework/src/Illuminate/Container/Container.php(982): Illuminate\\Container\\Container->resolveClass()
#11 /home/unibooker-rideon-code/htdocs/rideon-code.unibooker.app/vendor/laravel/framework/src/Illuminate/Container/Container.php(943): Illuminate\\Container\\Container->resolveDependencies()
#12 /home/unibooker-rideon-code/htdocs/rideon-code.unibooker.app/vendor/laravel/framework/src/Illuminate/Container/Container.php(795): Illuminate\\Container\\Container->build()
#13 /home/unibooker-rideon-code/htdocs/rideon-code.unibooker.app/vendor/laravel/framework/src/Illuminate/Foundation/Application.php(986): Illuminate\\Container\\Container->resolve()
#14 /home/unibooker-rideon-code/htdocs/rideon-code.unibooker.app/vendor/laravel/framework/src/Illuminate/Container/Container.php(731): Illuminate\\Foundation\\Application->resolve()
#15 /home/unibooker-rideon-code/htdocs/rideon-code.unibooker.app/vendor/laravel/framework/src/Illuminate/Foundation/Application.php(971): Illuminate\\Container\\Container->make()
#16 /home/unibooker-rideon-code/htdocs/rideon-code.unibooker.app/vendor/laravel/framework/src/Illuminate/Pipeline/Pipeline.php(172): Illuminate\\Foundation\\Application->make()
#17 /home/unibooker-rideon-code/htdocs/rideon-code.unibooker.app/vendor/laravel/framework/src/Illuminate/Pipeline/Pipeline.php(119): Illuminate\\Pipeline\\Pipeline->Illuminate\\Pipeline\\{closure}()
#18 /home/unibooker-rideon-code/htdocs/rideon-code.unibooker.app/vendor/laravel/framework/src/Illuminate/Routing/Router.php(805): Illuminate\\Pipeline\\Pipeline->then()
#19 /home/unibooker-rideon-code/htdocs/rideon-code.unibooker.app/vendor/laravel/framework/src/Illuminate/Routing/Router.php(784): Illuminate\\Routing\\Router->runRouteWithinStack()
#20 /home/unibooker-rideon-code/htdocs/rideon-code.unibooker.app/vendor/laravel/framework/src/Illuminate/Routing/Router.php(748): Illuminate\\Routing\\Router->runRoute()
#21 /home/unibooker-rideon-code/htdocs/rideon-code.unibooker.app/vendor/laravel/framework/src/Illuminate/Routing/Router.php(737): Illuminate\\Routing\\Router->dispatchToRoute()
#22 /home/unibooker-rideon-code/htdocs/rideon-code.unibooker.app/vendor/laravel/framework/src/Illuminate/Foundation/Http/Kernel.php(200): Illuminate\\Routing\\Router->dispatch()
#23 /home/unibooker-rideon-code/htdocs/rideon-code.unibooker.app/vendor/laravel/framework/src/Illuminate/Pipeline/Pipeline.php(144): Illuminate\\Foundation\\Http\\Kernel->Illuminate\\Foundation\\Http\\{closure}()
#24 /home/unibooker-rideon-code/htdocs/rideon-code.unibooker.app/vendor/barryvdh/laravel-debugbar/src/Middleware/InjectDebugbar.php(59): Illuminate\\Pipeline\\Pipeline->Illuminate\\Pipeline\\{closure}()
#25 /home/unibooker-rideon-code/htdocs/rideon-code.unibooker.app/vendor/laravel/framework/src/Illuminate/Pipeline/Pipeline.php(183): Barryvdh\\Debugbar\\Middleware\\InjectDebugbar->handle()
#26 /home/unibooker-rideon-code/htdocs/rideon-code.unibooker.app/vendor/laravel/framework/src/Illuminate/Foundation/Http/Middleware/TransformsRequest.php(21): Illuminate\\Pipeline\\Pipeline->Illuminate\\Pipeline\\{closure}()
#27 /home/unibooker-rideon-code/htdocs/rideon-code.unibooker.app/vendor/laravel/framework/src/Illuminate/Foundation/Http/Middleware/ConvertEmptyStringsToNull.php(31): Illuminate\\Foundation\\Http\\Middleware\\TransformsRequest->handle()
#28 /home/unibooker-rideon-code/htdocs/rideon-code.unibooker.app/vendor/laravel/framework/src/Illuminate/Pipeline/Pipeline.php(183): Illuminate\\Foundation\\Http\\Middleware\\ConvertEmptyStringsToNull->handle()
#29 /home/unibooker-rideon-code/htdocs/rideon-code.unibooker.app/vendor/laravel/framework/src/Illuminate/Foundation/Http/Middleware/TransformsRequest.php(21): Illuminate\\Pipeline\\Pipeline->Illuminate\\Pipeline\\{closure}()
#30 /home/unibooker-rideon-code/htdocs/rideon-code.unibooker.app/vendor/laravel/framework/src/Illuminate/Foundation/Http/Middleware/TrimStrings.php(40): Illuminate\\Foundation\\Http\\Middleware\\TransformsRequest->handle()
#31 /home/unibooker-rideon-code/htdocs/rideon-code.unibooker.app/vendor/laravel/framework/src/Illuminate/Pipeline/Pipeline.php(183): Illuminate\\Foundation\\Http\\Middleware\\TrimStrings->handle()
#32 /home/unibooker-rideon-code/htdocs/rideon-code.unibooker.app/vendor/laravel/framework/src/Illuminate/Foundation/Http/Middleware/ValidatePostSize.php(27): Illuminate\\Pipeline\\Pipeline->Illuminate\\Pipeline\\{closure}()
#33 /home/unibooker-rideon-code/htdocs/rideon-code.unibooker.app/vendor/laravel/framework/src/Illuminate/Pipeline/Pipeline.php(183): Illuminate\\Foundation\\Http\\Middleware\\ValidatePostSize->handle()
#34 /home/unibooker-rideon-code/htdocs/rideon-code.unibooker.app/vendor/laravel/framework/src/Illuminate/Foundation/Http/Middleware/PreventRequestsDuringMaintenance.php(99): Illuminate\\Pipeline\\Pipeline->Illuminate\\Pipeline\\{closure}()
#35 /home/unibooker-rideon-code/htdocs/rideon-code.unibooker.app/vendor/laravel/framework/src/Illuminate/Pipeline/Pipeline.php(183): Illuminate\\Foundation\\Http\\Middleware\\PreventRequestsDuringMaintenance->handle()
#36 /home/unibooker-rideon-code/htdocs/rideon-code.unibooker.app/vendor/laravel/framework/src/Illuminate/Http/Middleware/HandleCors.php(49): Illuminate\\Pipeline\\Pipeline->Illuminate\\Pipeline\\{closure}()
#37 /home/unibooker-rideon-code/htdocs/rideon-code.unibooker.app/vendor/laravel/framework/src/Illuminate/Pipeline/Pipeline.php(183): Illuminate\\Http\\Middleware\\HandleCors->handle()
#38 /home/unibooker-rideon-code/htdocs/rideon-code.unibooker.app/vendor/laravel/framework/src/Illuminate/Http/Middleware/TrustProxies.php(39): Illuminate\\Pipeline\\Pipeline->Illuminate\\Pipeline\\{closure}()
#39 /home/unibooker-rideon-code/htdocs/rideon-code.unibooker.app/vendor/laravel/framework/src/Illuminate/Pipeline/Pipeline.php(183): Illuminate\\Http\\Middleware\\TrustProxies->handle()
#40 /home/unibooker-rideon-code/htdocs/rideon-code.unibooker.app/vendor/laravel/framework/src/Illuminate/Pipeline/Pipeline.php(119): Illuminate\\Pipeline\\Pipeline->Illuminate\\Pipeline\\{closure}()
#41 /home/unibooker-rideon-code/htdocs/rideon-code.unibooker.app/vendor/laravel/framework/src/Illuminate/Foundation/Http/Kernel.php(175): Illuminate\\Pipeline\\Pipeline->then()
#42 /home/unibooker-rideon-code/htdocs/rideon-code.unibooker.app/vendor/laravel/framework/src/Illuminate/Foundation/Http/Kernel.php(144): Illuminate\\Foundation\\Http\\Kernel->sendRequestThroughRouter()
#43 /home/unibooker-rideon-code/htdocs/rideon-code.unibooker.app/public/index.php(51): Illuminate\\Foundation\\Http\\Kernel->handle()
#44 {main}
"} 
[2025-09-18 12:08:08] production.ERROR: No application encryption key has been specified. {"exception":"[object] (Illuminate\\Encryption\\MissingAppKeyException(code: 0): No application encryption key has been specified. at /home/unibooker-rideon-code/htdocs/rideon-code.unibooker.app/vendor/laravel/framework/src/Illuminate/Encryption/EncryptionServiceProvider.php:79)
[stacktrace]
#0 /home/unibooker-rideon-code/htdocs/rideon-code.unibooker.app/vendor/laravel/framework/src/Illuminate/Support/helpers.php(320): Illuminate\\Encryption\\EncryptionServiceProvider->Illuminate\\Encryption\\{closure}()
#1 /home/unibooker-rideon-code/htdocs/rideon-code.unibooker.app/vendor/laravel/framework/src/Illuminate/Encryption/EncryptionServiceProvider.php(77): tap()
#2 /home/unibooker-rideon-code/htdocs/rideon-code.unibooker.app/vendor/laravel/framework/src/Illuminate/Encryption/EncryptionServiceProvider.php(60): Illuminate\\Encryption\\EncryptionServiceProvider->key()
#3 /home/unibooker-rideon-code/htdocs/rideon-code.unibooker.app/vendor/laravel/framework/src/Illuminate/Encryption/EncryptionServiceProvider.php(32): Illuminate\\Encryption\\EncryptionServiceProvider->parseKey()
#4 /home/unibooker-rideon-code/htdocs/rideon-code.unibooker.app/vendor/laravel/framework/src/Illuminate/Container/Container.php(908): Illuminate\\Encryption\\EncryptionServiceProvider->Illuminate\\Encryption\\{closure}()
#5 /home/unibooker-rideon-code/htdocs/rideon-code.unibooker.app/vendor/laravel/framework/src/Illuminate/Container/Container.php(795): Illuminate\\Container\\Container->build()
#6 /home/unibooker-rideon-code/htdocs/rideon-code.unibooker.app/vendor/laravel/framework/src/Illuminate/Foundation/Application.php(986): Illuminate\\Container\\Container->resolve()
#7 /home/unibooker-rideon-code/htdocs/rideon-code.unibooker.app/vendor/laravel/framework/src/Illuminate/Container/Container.php(731): Illuminate\\Foundation\\Application->resolve()
#8 /home/unibooker-rideon-code/htdocs/rideon-code.unibooker.app/vendor/laravel/framework/src/Illuminate/Foundation/Application.php(971): Illuminate\\Container\\Container->make()
#9 /home/unibooker-rideon-code/htdocs/rideon-code.unibooker.app/vendor/laravel/framework/src/Illuminate/Container/Container.php(1066): Illuminate\\Foundation\\Application->make()
#10 /home/unibooker-rideon-code/htdocs/rideon-code.unibooker.app/vendor/laravel/framework/src/Illuminate/Container/Container.php(982): Illuminate\\Container\\Container->resolveClass()
#11 /home/unibooker-rideon-code/htdocs/rideon-code.unibooker.app/vendor/laravel/framework/src/Illuminate/Container/Container.php(943): Illuminate\\Container\\Container->resolveDependencies()
#12 /home/unibooker-rideon-code/htdocs/rideon-code.unibooker.app/vendor/laravel/framework/src/Illuminate/Container/Container.php(795): Illuminate\\Container\\Container->build()
#13 /home/unibooker-rideon-code/htdocs/rideon-code.unibooker.app/vendor/laravel/framework/src/Illuminate/Foundation/Application.php(986): Illuminate\\Container\\Container->resolve()
#14 /home/unibooker-rideon-code/htdocs/rideon-code.unibooker.app/vendor/laravel/framework/src/Illuminate/Container/Container.php(731): Illuminate\\Foundation\\Application->resolve()
#15 /home/unibooker-rideon-code/htdocs/rideon-code.unibooker.app/vendor/laravel/framework/src/Illuminate/Foundation/Application.php(971): Illuminate\\Container\\Container->make()
#16 /home/unibooker-rideon-code/htdocs/rideon-code.unibooker.app/vendor/laravel/framework/src/Illuminate/Foundation/Http/Kernel.php(255): Illuminate\\Foundation\\Application->make()
#17 /home/unibooker-rideon-code/htdocs/rideon-code.unibooker.app/vendor/laravel/framework/src/Illuminate/Foundation/Http/Kernel.php(213): Illuminate\\Foundation\\Http\\Kernel->terminateMiddleware()
#18 /home/unibooker-rideon-code/htdocs/rideon-code.unibooker.app/public/index.php(55): Illuminate\\Foundation\\Http\\Kernel->terminate()
#19 {main}
"} 
[2025-09-18 12:08:49] production.ERROR: Database connection failed: SQLSTATE[HY000] [1045] Access denied for user 'forge'@'localhost' (using password: NO)  
[2025-09-18 12:08:49] production.WARNING: Firestore warmup failed: file_get_contents(/home/unibooker-rideon-code/htdocs/rideon-code.unibooker.app/storage/firebase/firebase_credentials.json): Failed to open stream: No such file or directory  
[2025-09-18 12:08:49] production.ERROR: No application encryption key has been specified. {"exception":"[object] (Illuminate\\Encryption\\MissingAppKeyException(code: 0): No application encryption key has been specified. at /home/unibooker-rideon-code/htdocs/rideon-code.unibooker.app/vendor/laravel/framework/src/Illuminate/Encryption/EncryptionServiceProvider.php:79)
[stacktrace]
#0 /home/unibooker-rideon-code/htdocs/rideon-code.unibooker.app/vendor/laravel/framework/src/Illuminate/Support/helpers.php(320): Illuminate\\Encryption\\EncryptionServiceProvider->Illuminate\\Encryption\\{closure}()
#1 /home/unibooker-rideon-code/htdocs/rideon-code.unibooker.app/vendor/laravel/framework/src/Illuminate/Encryption/EncryptionServiceProvider.php(77): tap()
#2 /home/unibooker-rideon-code/htdocs/rideon-code.unibooker.app/vendor/laravel/framework/src/Illuminate/Encryption/EncryptionServiceProvider.php(60): Illuminate\\Encryption\\EncryptionServiceProvider->key()
#3 /home/unibooker-rideon-code/htdocs/rideon-code.unibooker.app/vendor/laravel/framework/src/Illuminate/Encryption/EncryptionServiceProvider.php(32): Illuminate\\Encryption\\EncryptionServiceProvider->parseKey()
#4 /home/unibooker-rideon-code/htdocs/rideon-code.unibooker.app/vendor/laravel/framework/src/Illuminate/Container/Container.php(908): Illuminate\\Encryption\\EncryptionServiceProvider->Illuminate\\Encryption\\{closure}()
#5 /home/unibooker-rideon-code/htdocs/rideon-code.unibooker.app/vendor/laravel/framework/src/Illuminate/Container/Container.php(795): Illuminate\\Container\\Container->build()
#6 /home/unibooker-rideon-code/htdocs/rideon-code.unibooker.app/vendor/laravel/framework/src/Illuminate/Foundation/Application.php(986): Illuminate\\Container\\Container->resolve()
#7 /home/unibooker-rideon-code/htdocs/rideon-code.unibooker.app/vendor/laravel/framework/src/Illuminate/Container/Container.php(731): Illuminate\\Foundation\\Application->resolve()
#8 /home/unibooker-rideon-code/htdocs/rideon-code.unibooker.app/vendor/laravel/framework/src/Illuminate/Foundation/Application.php(971): Illuminate\\Container\\Container->make()
#9 /home/unibooker-rideon-code/htdocs/rideon-code.unibooker.app/vendor/laravel/framework/src/Illuminate/Container/Container.php(1066): Illuminate\\Foundation\\Application->make()
#10 /home/unibooker-rideon-code/htdocs/rideon-code.unibooker.app/vendor/laravel/framework/src/Illuminate/Container/Container.php(982): Illuminate\\Container\\Container->resolveClass()
#11 /home/unibooker-rideon-code/htdocs/rideon-code.unibooker.app/vendor/laravel/framework/src/Illuminate/Container/Container.php(943): Illuminate\\Container\\Container->resolveDependencies()
#12 /home/unibooker-rideon-code/htdocs/rideon-code.unibooker.app/vendor/laravel/framework/src/Illuminate/Container/Container.php(795): Illuminate\\Container\\Container->build()
#13 /home/unibooker-rideon-code/htdocs/rideon-code.unibooker.app/vendor/laravel/framework/src/Illuminate/Foundation/Application.php(986): Illuminate\\Container\\Container->resolve()
#14 /home/unibooker-rideon-code/htdocs/rideon-code.unibooker.app/vendor/laravel/framework/src/Illuminate/Container/Container.php(731): Illuminate\\Foundation\\Application->resolve()
#15 /home/unibooker-rideon-code/htdocs/rideon-code.unibooker.app/vendor/laravel/framework/src/Illuminate/Foundation/Application.php(971): Illuminate\\Container\\Container->make()
#16 /home/unibooker-rideon-code/htdocs/rideon-code.unibooker.app/vendor/laravel/framework/src/Illuminate/Pipeline/Pipeline.php(172): Illuminate\\Foundation\\Application->make()
#17 /home/unibooker-rideon-code/htdocs/rideon-code.unibooker.app/vendor/laravel/framework/src/Illuminate/Pipeline/Pipeline.php(119): Illuminate\\Pipeline\\Pipeline->Illuminate\\Pipeline\\{closure}()
#18 /home/unibooker-rideon-code/htdocs/rideon-code.unibooker.app/vendor/laravel/framework/src/Illuminate/Routing/Router.php(805): Illuminate\\Pipeline\\Pipeline->then()
#19 /home/unibooker-rideon-code/htdocs/rideon-code.unibooker.app/vendor/laravel/framework/src/Illuminate/Routing/Router.php(784): Illuminate\\Routing\\Router->runRouteWithinStack()
#20 /home/unibooker-rideon-code/htdocs/rideon-code.unibooker.app/vendor/laravel/framework/src/Illuminate/Routing/Router.php(748): Illuminate\\Routing\\Router->runRoute()
#21 /home/unibooker-rideon-code/htdocs/rideon-code.unibooker.app/vendor/laravel/framework/src/Illuminate/Routing/Router.php(737): Illuminate\\Routing\\Router->dispatchToRoute()
#22 /home/unibooker-rideon-code/htdocs/rideon-code.unibooker.app/vendor/laravel/framework/src/Illuminate/Foundation/Http/Kernel.php(200): Illuminate\\Routing\\Router->dispatch()
#23 /home/unibooker-rideon-code/htdocs/rideon-code.unibooker.app/vendor/laravel/framework/src/Illuminate/Pipeline/Pipeline.php(144): Illuminate\\Foundation\\Http\\Kernel->Illuminate\\Foundation\\Http\\{closure}()
#24 /home/unibooker-rideon-code/htdocs/rideon-code.unibooker.app/vendor/barryvdh/laravel-debugbar/src/Middleware/InjectDebugbar.php(59): Illuminate\\Pipeline\\Pipeline->Illuminate\\Pipeline\\{closure}()
#25 /home/unibooker-rideon-code/htdocs/rideon-code.unibooker.app/vendor/laravel/framework/src/Illuminate/Pipeline/Pipeline.php(183): Barryvdh\\Debugbar\\Middleware\\InjectDebugbar->handle()
#26 /home/unibooker-rideon-code/htdocs/rideon-code.unibooker.app/vendor/laravel/framework/src/Illuminate/Foundation/Http/Middleware/TransformsRequest.php(21): Illuminate\\Pipeline\\Pipeline->Illuminate\\Pipeline\\{closure}()
#27 /home/unibooker-rideon-code/htdocs/rideon-code.unibooker.app/vendor/laravel/framework/src/Illuminate/Foundation/Http/Middleware/ConvertEmptyStringsToNull.php(31): Illuminate\\Foundation\\Http\\Middleware\\TransformsRequest->handle()
#28 /home/unibooker-rideon-code/htdocs/rideon-code.unibooker.app/vendor/laravel/framework/src/Illuminate/Pipeline/Pipeline.php(183): Illuminate\\Foundation\\Http\\Middleware\\ConvertEmptyStringsToNull->handle()
#29 /home/unibooker-rideon-code/htdocs/rideon-code.unibooker.app/vendor/laravel/framework/src/Illuminate/Foundation/Http/Middleware/TransformsRequest.php(21): Illuminate\\Pipeline\\Pipeline->Illuminate\\Pipeline\\{closure}()
#30 /home/unibooker-rideon-code/htdocs/rideon-code.unibooker.app/vendor/laravel/framework/src/Illuminate/Foundation/Http/Middleware/TrimStrings.php(40): Illuminate\\Foundation\\Http\\Middleware\\TransformsRequest->handle()
#31 /home/unibooker-rideon-code/htdocs/rideon-code.unibooker.app/vendor/laravel/framework/src/Illuminate/Pipeline/Pipeline.php(183): Illuminate\\Foundation\\Http\\Middleware\\TrimStrings->handle()
#32 /home/unibooker-rideon-code/htdocs/rideon-code.unibooker.app/vendor/laravel/framework/src/Illuminate/Foundation/Http/Middleware/ValidatePostSize.php(27): Illuminate\\Pipeline\\Pipeline->Illuminate\\Pipeline\\{closure}()
#33 /home/unibooker-rideon-code/htdocs/rideon-code.unibooker.app/vendor/laravel/framework/src/Illuminate/Pipeline/Pipeline.php(183): Illuminate\\Foundation\\Http\\Middleware\\ValidatePostSize->handle()
#34 /home/unibooker-rideon-code/htdocs/rideon-code.unibooker.app/vendor/laravel/framework/src/Illuminate/Foundation/Http/Middleware/PreventRequestsDuringMaintenance.php(99): Illuminate\\Pipeline\\Pipeline->Illuminate\\Pipeline\\{closure}()
#35 /home/unibooker-rideon-code/htdocs/rideon-code.unibooker.app/vendor/laravel/framework/src/Illuminate/Pipeline/Pipeline.php(183): Illuminate\\Foundation\\Http\\Middleware\\PreventRequestsDuringMaintenance->handle()
#36 /home/unibooker-rideon-code/htdocs/rideon-code.unibooker.app/vendor/laravel/framework/src/Illuminate/Http/Middleware/HandleCors.php(49): Illuminate\\Pipeline\\Pipeline->Illuminate\\Pipeline\\{closure}()
#37 /home/unibooker-rideon-code/htdocs/rideon-code.unibooker.app/vendor/laravel/framework/src/Illuminate/Pipeline/Pipeline.php(183): Illuminate\\Http\\Middleware\\HandleCors->handle()
#38 /home/unibooker-rideon-code/htdocs/rideon-code.unibooker.app/vendor/laravel/framework/src/Illuminate/Http/Middleware/TrustProxies.php(39): Illuminate\\Pipeline\\Pipeline->Illuminate\\Pipeline\\{closure}()
#39 /home/unibooker-rideon-code/htdocs/rideon-code.unibooker.app/vendor/laravel/framework/src/Illuminate/Pipeline/Pipeline.php(183): Illuminate\\Http\\Middleware\\TrustProxies->handle()
#40 /home/unibooker-rideon-code/htdocs/rideon-code.unibooker.app/vendor/laravel/framework/src/Illuminate/Pipeline/Pipeline.php(119): Illuminate\\Pipeline\\Pipeline->Illuminate\\Pipeline\\{closure}()
#41 /home/unibooker-rideon-code/htdocs/rideon-code.unibooker.app/vendor/laravel/framework/src/Illuminate/Foundation/Http/Kernel.php(175): Illuminate\\Pipeline\\Pipeline->then()
#42 /home/unibooker-rideon-code/htdocs/rideon-code.unibooker.app/vendor/laravel/framework/src/Illuminate/Foundation/Http/Kernel.php(144): Illuminate\\Foundation\\Http\\Kernel->sendRequestThroughRouter()
#43 /home/unibooker-rideon-code/htdocs/rideon-code.unibooker.app/public/index.php(51): Illuminate\\Foundation\\Http\\Kernel->handle()
#44 {main}
"} 
[2025-09-18 12:08:49] production.ERROR: No application encryption key has been specified. {"exception":"[object] (Illuminate\\Encryption\\MissingAppKeyException(code: 0): No application encryption key has been specified. at /home/unibooker-rideon-code/htdocs/rideon-code.unibooker.app/vendor/laravel/framework/src/Illuminate/Encryption/EncryptionServiceProvider.php:79)
[stacktrace]
#0 /home/unibooker-rideon-code/htdocs/rideon-code.unibooker.app/vendor/laravel/framework/src/Illuminate/Support/helpers.php(320): Illuminate\\Encryption\\EncryptionServiceProvider->Illuminate\\Encryption\\{closure}()
#1 /home/unibooker-rideon-code/htdocs/rideon-code.unibooker.app/vendor/laravel/framework/src/Illuminate/Encryption/EncryptionServiceProvider.php(77): tap()
#2 /home/unibooker-rideon-code/htdocs/rideon-code.unibooker.app/vendor/laravel/framework/src/Illuminate/Encryption/EncryptionServiceProvider.php(60): Illuminate\\Encryption\\EncryptionServiceProvider->key()
#3 /home/unibooker-rideon-code/htdocs/rideon-code.unibooker.app/vendor/laravel/framework/src/Illuminate/Encryption/EncryptionServiceProvider.php(32): Illuminate\\Encryption\\EncryptionServiceProvider->parseKey()
#4 /home/unibooker-rideon-code/htdocs/rideon-code.unibooker.app/vendor/laravel/framework/src/Illuminate/Container/Container.php(908): Illuminate\\Encryption\\EncryptionServiceProvider->Illuminate\\Encryption\\{closure}()
#5 /home/unibooker-rideon-code/htdocs/rideon-code.unibooker.app/vendor/laravel/framework/src/Illuminate/Container/Container.php(795): Illuminate\\Container\\Container->build()
#6 /home/unibooker-rideon-code/htdocs/rideon-code.unibooker.app/vendor/laravel/framework/src/Illuminate/Foundation/Application.php(986): Illuminate\\Container\\Container->resolve()
#7 /home/unibooker-rideon-code/htdocs/rideon-code.unibooker.app/vendor/laravel/framework/src/Illuminate/Container/Container.php(731): Illuminate\\Foundation\\Application->resolve()
#8 /home/unibooker-rideon-code/htdocs/rideon-code.unibooker.app/vendor/laravel/framework/src/Illuminate/Foundation/Application.php(971): Illuminate\\Container\\Container->make()
#9 /home/unibooker-rideon-code/htdocs/rideon-code.unibooker.app/vendor/laravel/framework/src/Illuminate/Container/Container.php(1066): Illuminate\\Foundation\\Application->make()
#10 /home/unibooker-rideon-code/htdocs/rideon-code.unibooker.app/vendor/laravel/framework/src/Illuminate/Container/Container.php(982): Illuminate\\Container\\Container->resolveClass()
#11 /home/unibooker-rideon-code/htdocs/rideon-code.unibooker.app/vendor/laravel/framework/src/Illuminate/Container/Container.php(943): Illuminate\\Container\\Container->resolveDependencies()
#12 /home/unibooker-rideon-code/htdocs/rideon-code.unibooker.app/vendor/laravel/framework/src/Illuminate/Container/Container.php(795): Illuminate\\Container\\Container->build()
#13 /home/unibooker-rideon-code/htdocs/rideon-code.unibooker.app/vendor/laravel/framework/src/Illuminate/Foundation/Application.php(986): Illuminate\\Container\\Container->resolve()
#14 /home/unibooker-rideon-code/htdocs/rideon-code.unibooker.app/vendor/laravel/framework/src/Illuminate/Container/Container.php(731): Illuminate\\Foundation\\Application->resolve()
#15 /home/unibooker-rideon-code/htdocs/rideon-code.unibooker.app/vendor/laravel/framework/src/Illuminate/Foundation/Application.php(971): Illuminate\\Container\\Container->make()
#16 /home/unibooker-rideon-code/htdocs/rideon-code.unibooker.app/vendor/laravel/framework/src/Illuminate/Foundation/Http/Kernel.php(255): Illuminate\\Foundation\\Application->make()
#17 /home/unibooker-rideon-code/htdocs/rideon-code.unibooker.app/vendor/laravel/framework/src/Illuminate/Foundation/Http/Kernel.php(213): Illuminate\\Foundation\\Http\\Kernel->terminateMiddleware()
#18 /home/unibooker-rideon-code/htdocs/rideon-code.unibooker.app/public/index.php(55): Illuminate\\Foundation\\Http\\Kernel->terminate()
#19 {main}
"} 
