2025/10/18 01:59:43 [notice] 1#1: signal 3 (SIGQUIT) received, shutting down
2025/10/18 01:59:43 [notice] 30#30: gracefully shutting down
2025/10/18 01:59:43 [notice] 29#29: gracefully shutting down
2025/10/18 01:59:43 [notice] 31#31: gracefully shutting down
2025/10/18 01:59:43 [notice] 33#33: gracefully shutting down
2025/10/18 01:59:43 [notice] 30#30: exiting
2025/10/18 01:59:43 [notice] 32#32: gracefully shutting down
2025/10/18 01:59:43 [notice] 38#38: gracefully shutting down
2025/10/18 01:59:43 [notice] 29#29: exiting
2025/10/18 01:59:43 [notice] 36#36: gracefully shutting down
2025/10/18 01:59:43 [notice] 34#34: gracefully shutting down
2025/10/18 01:59:43 [notice] 40#40: gracefully shutting down
2025/10/18 01:59:43 [notice] 31#31: exiting
2025/10/18 01:59:43 [notice] 33#33: exiting
2025/10/18 01:59:43 [notice] 38#38: exiting
2025/10/18 01:59:43 [notice] 36#36: exiting
2025/10/18 01:59:43 [notice] 40#40: exiting
2025/10/18 01:59:43 [notice] 32#32: exiting
2025/10/18 01:59:43 [notice] 39#39: gracefully shutting down
2025/10/18 01:59:43 [notice] 35#35: gracefully shutting down
2025/10/18 01:59:43 [notice] 39#39: exiting
2025/10/18 01:59:43 [notice] 35#35: exiting
2025/10/18 01:59:43 [notice] 30#30: exit
2025/10/18 01:59:43 [notice] 29#29: exit
2025/10/18 01:59:43 [notice] 31#31: exit
2025/10/18 01:59:43 [notice] 36#36: exit
2025/10/18 01:59:43 [notice] 32#32: exit
2025/10/18 01:59:43 [notice] 40#40: exit
2025/10/18 01:59:43 [notice] 38#38: exit
2025/10/18 01:59:43 [notice] 39#39: exit
2025/10/18 01:59:43 [notice] 35#35: exit
2025/10/18 01:59:43 [notice] 33#33: exit
2025/10/18 01:59:43 [notice] 37#37: gracefully shutting down
2025/10/18 01:59:43 [notice] 37#37: exiting
2025/10/18 01:59:43 [notice] 37#37: exit
2025/10/18 01:59:43 [notice] 1#1: signal 17 (SIGCHLD) received from 30
2025/10/18 01:59:43 [notice] 1#1: worker process 30 exited with code 0
2025/10/18 01:59:43 [notice] 1#1: worker process 36 exited with code 0
2025/10/18 01:59:43 [notice] 1#1: signal 29 (SIGIO) received
2025/10/18 01:59:43 [notice] 1#1: signal 17 (SIGCHLD) received from 37
2025/10/18 01:59:43 [notice] 1#1: worker process 37 exited with code 0
2025/10/18 01:59:43 [notice] 1#1: signal 29 (SIGIO) received
2025/10/18 01:59:43 [notice] 1#1: signal 17 (SIGCHLD) received from 35
2025/10/18 01:59:43 [notice] 1#1: worker process 29 exited with code 0
2025/10/18 01:59:43 [notice] 1#1: worker process 31 exited with code 0
2025/10/18 01:59:43 [notice] 1#1: worker process 33 exited with code 0
2025/10/18 01:59:43 [notice] 1#1: worker process 35 exited with code 0
2025/10/18 01:59:43 [notice] 1#1: worker process 38 exited with code 0
2025/10/18 01:59:43 [notice] 1#1: worker process 39 exited with code 0
2025/10/18 01:59:43 [notice] 1#1: worker process 40 exited with code 0
2025/10/18 01:59:43 [notice] 1#1: signal 29 (SIGIO) received
2025/10/18 01:59:43 [notice] 1#1: signal 17 (SIGCHLD) received from 29
2025/10/18 01:59:43 [notice] 1#1: signal 17 (SIGCHLD) received from 32
2025/10/18 01:59:43 [notice] 1#1: worker process 32 exited with code 0
2025/10/18 01:59:43 [notice] 1#1: signal 29 (SIGIO) received
2025/10/18 01:59:44 [notice] 34#34: exiting
2025/10/18 01:59:44 [notice] 34#34: exit
2025/10/18 01:59:44 [notice] 1#1: signal 17 (SIGCHLD) received from 34
2025/10/18 01:59:44 [notice] 1#1: worker process 34 exited with code 0
2025/10/18 01:59:44 [notice] 1#1: exit
2025/10/18 02:02:21 [emerg] 1#1: host not found in upstream "php-gan" in /etc/nginx/conf.d/default.conf:20
2025/10/18 02:02:27 [emerg] 1#1: host not found in upstream "php-gan" in /etc/nginx/conf.d/default.conf:20
2025/10/18 02:02:32 [emerg] 1#1: host not found in upstream "php-gan" in /etc/nginx/conf.d/default.conf:20
2025/10/18 02:02:38 [emerg] 1#1: host not found in upstream "php-gan" in /etc/nginx/conf.d/default.conf:20
2025/10/18 02:02:44 [emerg] 1#1: host not found in upstream "php-gan" in /etc/nginx/conf.d/default.conf:20
2025/10/18 02:02:51 [emerg] 1#1: host not found in upstream "php-gasuben" in /etc/nginx/conf.d/default.conf:20
2025/10/18 02:03:19 [notice] 1#1: using the "epoll" event method
2025/10/18 02:03:19 [notice] 1#1: nginx/1.28.0
2025/10/18 02:03:19 [notice] 1#1: built by gcc 14.2.0 (Alpine 14.2.0) 
2025/10/18 02:03:19 [notice] 1#1: OS: Linux 6.14.0-33-generic
2025/10/18 02:03:19 [notice] 1#1: getrlimit(RLIMIT_NOFILE): 1048576:1048576
2025/10/18 02:03:19 [notice] 1#1: start worker processes
2025/10/18 02:03:19 [notice] 1#1: start worker process 29
2025/10/18 02:03:19 [notice] 1#1: start worker process 30
2025/10/18 02:03:19 [notice] 1#1: start worker process 31
2025/10/18 02:03:19 [notice] 1#1: start worker process 32
2025/10/18 02:03:19 [notice] 1#1: start worker process 33
2025/10/18 02:03:19 [notice] 1#1: start worker process 34
2025/10/18 02:03:19 [notice] 1#1: start worker process 35
2025/10/18 02:03:19 [notice] 1#1: start worker process 36
2025/10/18 02:03:19 [notice] 1#1: start worker process 37
2025/10/18 02:03:19 [notice] 1#1: start worker process 38
2025/10/18 02:03:19 [notice] 1#1: start worker process 39
2025/10/18 02:03:19 [notice] 1#1: start worker process 40
2025/10/18 02:04:01 [error] 30#30: *1 connect() failed (111: Connection refused) while connecting to upstream, client: 172.24.0.1, server: localhost, request: "GET / HTTP/1.1", upstream: "fastcgi://172.24.0.5:9000", host: "localhost:8087"
2025/10/18 02:04:06 [error] 30#30: *1 connect() failed (111: Connection refused) while connecting to upstream, client: 172.24.0.1, server: localhost, request: "GET / HTTP/1.1", upstream: "fastcgi://172.24.0.5:9000", host: "localhost:8087"
2025/10/18 02:05:22 [error] 31#31: *5 connect() failed (111: Connection refused) while connecting to upstream, client: 172.24.0.1, server: localhost, request: "GET / HTTP/1.1", upstream: "fastcgi://172.24.0.5:9000", host: "localhost:8087"
2025/10/18 02:05:35 [notice] 1#1: signal 3 (SIGQUIT) received, shutting down
2025/10/18 02:05:35 [notice] 33#33: gracefully shutting down
2025/10/18 02:05:35 [notice] 33#33: exiting
2025/10/18 02:05:35 [notice] 33#33: exit
2025/10/18 02:05:35 [notice] 29#29: gracefully shutting down
2025/10/18 02:05:35 [notice] 29#29: exiting
2025/10/18 02:05:35 [notice] 30#30: gracefully shutting down
2025/10/18 02:05:35 [notice] 30#30: exiting
2025/10/18 02:05:35 [notice] 30#30: exit
2025/10/18 02:05:35 [notice] 31#31: gracefully shutting down
2025/10/18 02:05:35 [notice] 31#31: exiting
2025/10/18 02:05:35 [notice] 31#31: exit
2025/10/18 02:05:35 [notice] 32#32: gracefully shutting down
2025/10/18 02:05:35 [notice] 34#34: gracefully shutting down
2025/10/18 02:05:35 [notice] 34#34: exiting
2025/10/18 02:05:35 [notice] 34#34: exit
2025/10/18 02:05:35 [notice] 35#35: gracefully shutting down
2025/10/18 02:05:35 [notice] 35#35: exiting
2025/10/18 02:05:35 [notice] 35#35: exit
2025/10/18 02:05:35 [notice] 36#36: gracefully shutting down
2025/10/18 02:05:35 [notice] 36#36: exiting
2025/10/18 02:05:35 [notice] 29#29: exit
2025/10/18 02:05:35 [notice] 37#37: gracefully shutting down
2025/10/18 02:05:35 [notice] 37#37: exiting
2025/10/18 02:05:35 [notice] 38#38: gracefully shutting down
2025/10/18 02:05:35 [notice] 36#36: exit
2025/10/18 02:05:35 [notice] 39#39: gracefully shutting down
2025/10/18 02:05:35 [notice] 40#40: gracefully shutting down
2025/10/18 02:05:35 [notice] 37#37: exit
2025/10/18 02:05:35 [notice] 39#39: exiting
2025/10/18 02:05:35 [notice] 40#40: exiting
2025/10/18 02:05:35 [notice] 39#39: exit
2025/10/18 02:05:35 [notice] 40#40: exit
2025/10/18 02:05:35 [notice] 38#38: exiting
2025/10/18 02:05:35 [notice] 38#38: exit
2025/10/18 02:05:35 [notice] 1#1: signal 17 (SIGCHLD) received from 29
2025/10/18 02:05:35 [notice] 1#1: worker process 29 exited with code 0
2025/10/18 02:05:35 [notice] 1#1: worker process 30 exited with code 0
2025/10/18 02:05:35 [notice] 1#1: worker process 31 exited with code 0
2025/10/18 02:05:35 [notice] 1#1: worker process 33 exited with code 0
2025/10/18 02:05:35 [notice] 1#1: worker process 34 exited with code 0
2025/10/18 02:05:35 [notice] 1#1: worker process 35 exited with code 0
2025/10/18 02:05:35 [notice] 1#1: worker process 37 exited with code 0
2025/10/18 02:05:35 [notice] 1#1: worker process 38 exited with code 0
2025/10/18 02:05:35 [notice] 1#1: worker process 40 exited with code 0
2025/10/18 02:05:35 [notice] 1#1: signal 29 (SIGIO) received
2025/10/18 02:05:35 [notice] 1#1: signal 17 (SIGCHLD) received from 37
2025/10/18 02:05:35 [notice] 1#1: signal 17 (SIGCHLD) received from 39
2025/10/18 02:05:35 [notice] 1#1: worker process 39 exited with code 0
2025/10/18 02:05:35 [notice] 1#1: signal 29 (SIGIO) received
2025/10/18 02:05:35 [notice] 1#1: signal 17 (SIGCHLD) received from 36
2025/10/18 02:05:35 [notice] 1#1: worker process 36 exited with code 0
2025/10/18 02:05:35 [notice] 1#1: signal 29 (SIGIO) received
2025/10/18 02:05:37 [notice] 32#32: exiting
2025/10/18 02:05:37 [notice] 32#32: exit
2025/10/18 02:05:37 [notice] 1#1: signal 17 (SIGCHLD) received from 32
2025/10/18 02:05:37 [notice] 1#1: worker process 32 exited with code 0
2025/10/18 02:05:37 [notice] 1#1: exit
2025/10/18 02:06:00 [notice] 1#1: using the "epoll" event method
2025/10/18 02:06:00 [notice] 1#1: nginx/1.28.0
2025/10/18 02:06:00 [notice] 1#1: built by gcc 14.2.0 (Alpine 14.2.0) 
2025/10/18 02:06:00 [notice] 1#1: OS: Linux 6.14.0-33-generic
2025/10/18 02:06:00 [notice] 1#1: getrlimit(RLIMIT_NOFILE): 1048576:1048576
2025/10/18 02:06:00 [notice] 1#1: start worker processes
2025/10/18 02:06:00 [notice] 1#1: start worker process 29
2025/10/18 02:06:00 [notice] 1#1: start worker process 30
2025/10/18 02:06:00 [notice] 1#1: start worker process 31
2025/10/18 02:06:00 [notice] 1#1: start worker process 32
2025/10/18 02:06:00 [notice] 1#1: start worker process 33
2025/10/18 02:06:00 [notice] 1#1: start worker process 34
2025/10/18 02:06:00 [notice] 1#1: start worker process 35
2025/10/18 02:06:00 [notice] 1#1: start worker process 36
2025/10/18 02:06:00 [notice] 1#1: start worker process 37
2025/10/18 02:06:00 [notice] 1#1: start worker process 38
2025/10/18 02:06:00 [notice] 1#1: start worker process 39
2025/10/18 02:06:00 [notice] 1#1: start worker process 40
2025/10/18 02:06:10 [error] 29#29: *1 connect() failed (111: Connection refused) while connecting to upstream, client: 172.24.0.1, server: localhost, request: "GET / HTTP/1.1", upstream: "fastcgi://172.24.0.4:9000", host: "localhost:8087"
2025/10/18 02:08:11 [error] 31#31: *4 connect() failed (111: Connection refused) while connecting to upstream, client: 172.24.0.1, server: localhost, request: "GET / HTTP/1.1", upstream: "fastcgi://172.24.0.4:9000", host: "localhost:8087"
2025/10/18 02:08:11 [error] 31#31: *4 connect() failed (111: Connection refused) while connecting to upstream, client: 172.24.0.1, server: localhost, request: "GET / HTTP/1.1", upstream: "fastcgi://172.24.0.4:9000", host: "localhost:8087"
